<?xml version="1.0" encoding="utf-8"?><testsuites><testsuite name="pytest" errors="0" failures="0" skipped="0" tests="3" time="0.927" timestamp="2024-03-25T20:46:19.713303" hostname="d4fcf6bf6396"><testcase classname="tests.test_prediction" name="test_single_pred_not_none" time="0.017" /><testcase classname="tests.test_prediction" name="test_single_pred_str_type" time="0.017" /><testcase classname="tests.test_prediction" name="test_single_pred_validate" time="0.023" /></testsuite></testsuites>